<?xml version="1.0" encoding="UTF-8"?>
<!-- Generated by org.testng.reporters.JUnitReportReporter -->
<testsuite hostname="DESKTOP-JVQCERG" failures="0" tests="2" name="testComponent.LoginTest" time="7.307" errors="0" timestamp="2023-03-01T21:04:25 CST" skipped="0">
  <testcase classname="testComponent.LoginTest" name="getHomepagetitle" time="0.022"/>
  <system-out/>
  <testcase classname="testComponent.LoginTest" name="Testcase1" time="7.285"/>
  <system-out/>
</testsuite> <!-- testComponent.LoginTest -->
