<?xml version="1.0" encoding="UTF-8"?>
<!-- Generated by org.testng.reporters.JUnitReportReporter -->
<testsuite hostname="DESKTOP-JVQCERG" failures="0" tests="2" name="testComponent.HomePageTest" time="0.697" errors="0" timestamp="2023-03-01T21:05:46 CST" skipped="0">
  <testcase classname="testComponent.HomePageTest" name="clickNewCustomer" time="0.684"/>
  <system-out/>
  <testcase classname="testComponent.HomePageTest" name="getTheTitile" time="0.013"/>
  <system-out/>
</testsuite> <!-- testComponent.HomePageTest -->
