<?xml version="1.0" encoding="UTF-8"?>
<!-- Generated by org.testng.reporters.JUnitReportReporter -->
<testsuite hostname="DESKTOP-JVQCERG" failures="0" tests="6" name="testComponent.NewCustomerTest" time="1.092" errors="0" timestamp="2023-03-01T21:04:55 CST" skipped="0">
  <testcase classname="testComponent.NewCustomerTest" name="titleTest" time="0.016"/>
  <system-out/>
  <testcase classname="testComponent.NewCustomerTest" name="testcase1" time="0.290"/>
  <system-out/>
  <testcase classname="testComponent.NewCustomerTest" name="testcase2" time="0.114"/>
  <system-out/>
  <testcase classname="testComponent.NewCustomerTest" name="testcase3" time="0.307"/>
  <system-out/>
  <testcase classname="testComponent.NewCustomerTest" name="testcase4" time="0.247"/>
  <system-out/>
  <testcase classname="testComponent.NewCustomerTest" name="testcase5" time="0.118"/>
  <system-out/>
</testsuite> <!-- testComponent.NewCustomerTest -->
